生成启动时间为 2016/6/16 11:41:46。
     1>项目“E:\zju_\课程\图像补全\Image-Completion\completion\completion\completion.vcxproj”在节点 2 上(Build 个目标)。
     1>ClCompile:
         D:\Program Files (x86)\Microsoft Visual Studio 12.0\VC\bin\CL.exe /c /ZI /nologo /W3 /WX- /sdl /Od /Oy- /D _MBCS /Gm /EHsc /RTC1 /MDd /GS /fp:precise /Zc:wchar_t /Zc:forScope /Fo"Debug\\" /Fd"Debug\vc120.pdb" /Gd /TP /analyze- /errorReport:prompt main.cpp
         main.cpp
     1>d:\program files\opencv\build\include\opencv2\core\mat.hpp(1965): warning C4819: 该文件包含不能在当前代码页(936)中表示的字符。请将该文件保存为 Unicode 格式以防止数据丢失
     1>d:\program files\opencv\build\include\opencv2\core\persistence.hpp : warning C4819: 该文件包含不能在当前代码页(936)中表示的字符。请将该文件保存为 Unicode 格式以防止数据丢失
     1>d:\program files\opencv\build\include\opencv2\core\utility.hpp : warning C4819: 该文件包含不能在当前代码页(936)中表示的字符。请将该文件保存为 Unicode 格式以防止数据丢失
     1>e:\zju_\课程\图像补全\image-completion\completion\completion\main.cpp(28): warning C4018: “<”: 有符号/无符号不匹配
     1>e:\zju_\课程\图像补全\image-completion\completion\completion\main.cpp(34): warning C4018: “<”: 有符号/无符号不匹配
     1>e:\zju_\课程\图像补全\image-completion\completion\completion\main.cpp(52): warning C4018: “<”: 有符号/无符号不匹配
       Link:
         D:\Program Files (x86)\Microsoft Visual Studio 12.0\VC\bin\link.exe /ERRORREPORT:PROMPT /OUT:"E:\zju_\课程\图像补全\Image-Completion\completion\Debug\completion.exe" /INCREMENTAL /NOLOGO opencv_ts300d.lib opencv_world300d.lib kernel32.lib user32.lib gdi32.lib winspool.lib comdlg32.lib advapi32.lib shell32.lib ole32.lib oleaut32.lib uuid.lib odbc32.lib odbccp32.lib /MANIFEST /MANIFESTUAC:"level='asInvoker' uiAccess='false'" /manifest:embed /DEBUG /PDB:"E:\zju_\课程\图像补全\Image-Completion\completion\Debug\completion.pdb" /TLBID:1 /DYNAMICBASE /NXCOMPAT /IMPLIB:"E:\zju_\课程\图像补全\Image-Completion\completion\Debug\completion.lib" /MACHINE:X86 Debug\bp.obj
         Debug\icUI.obj
         Debug\main.obj
         Debug\natext.obj
         Debug\pois.obj
         completion.vcxproj -> E:\zju_\课程\图像补全\Image-Completion\completion\Debug\completion.exe
     1>已完成生成项目“E:\zju_\课程\图像补全\Image-Completion\completion\completion\completion.vcxproj”(Build 个目标)的操作。

生成成功。

已用时间 00:00:01.61
