生成启动时间为 2016/6/16 17:36:28。
     1>项目“E:\zju_\课程\图像补全\Image-Completion\completion\completion\completion.vcxproj”在节点 2 上(Build 个目标)。
     1>ClCompile:
         D:\Program Files (x86)\Microsoft Visual Studio 12.0\VC\bin\CL.exe /c /Zi /nologo /W3 /WX- /sdl /O2 /Oi /Oy- /GL /D _MBCS /Gm- /EHsc /MD /GS /Gy /fp:precise /Zc:wchar_t /Zc:forScope /Fo"Release\\" /Fd"Release\vc120.pdb" /Gd /TP /analyze- /errorReport:prompt main.cpp
         main.cpp
     1>D:\Program Files\opencv\build\include\opencv2/core/mat.hpp(1965): warning C4819: 该文件包含不能在当前代码页(936)中表示的字符。请将该文件保存为 Unicode 格式以防止数据丢失
     1>D:\Program Files\opencv\build\include\opencv2/core/persistence.hpp : warning C4819: 该文件包含不能在当前代码页(936)中表示的字符。请将该文件保存为 Unicode 格式以防止数据丢失
     1>D:\Program Files\opencv\build\include\opencv2/core/utility.hpp : warning C4819: 该文件包含不能在当前代码页(936)中表示的字符。请将该文件保存为 Unicode 格式以防止数据丢失
     1>main.cpp(28): warning C4018: “<”: 有符号/无符号不匹配
     1>main.cpp(34): warning C4018: “<”: 有符号/无符号不匹配
     1>main.cpp(52): warning C4018: “<”: 有符号/无符号不匹配
       Link:
         D:\Program Files (x86)\Microsoft Visual Studio 12.0\VC\bin\link.exe /ERRORREPORT:PROMPT /OUT:"E:\zju_\课程\图像补全\Image-Completion\completion\Release\completion.exe" /NOLOGO opencv_ts300d.lib opencv_world300d.lib kernel32.lib user32.lib gdi32.lib winspool.lib comdlg32.lib advapi32.lib shell32.lib ole32.lib oleaut32.lib uuid.lib odbc32.lib odbccp32.lib /MANIFEST /MANIFESTUAC:"level='asInvoker' uiAccess='false'" /manifest:embed /DEBUG /PDB:"E:\zju_\课程\图像补全\Image-Completion\completion\Release\completion.pdb" /OPT:REF /OPT:ICF /LTCG /TLBID:1 /DYNAMICBASE /NXCOMPAT /IMPLIB:"E:\zju_\课程\图像补全\Image-Completion\completion\Release\completion.lib" /MACHINE:X86 /SAFESEH Release\bp.obj
         Release\icUI.obj
         Release\main.obj
         Release\natext.obj
         Release\pois.obj
         正在生成代码
         已完成代码的生成
         completion.vcxproj -> E:\zju_\课程\图像补全\Image-Completion\completion\Release\completion.exe
     1>已完成生成项目“E:\zju_\课程\图像补全\Image-Completion\completion\completion\completion.vcxproj”(Build 个目标)的操作。

生成成功。

已用时间 00:00:19.03
